Arguments: 
  /usr/local/Cellar/node/9.11.1/bin/node /usr/local/bin/yarn cache

PATH: 
  /usr/local/bin:/usr/bin:/bin:/usr/sbin:/sbin:/opt/X11/bin

Yarn version: 
  1.5.1

Node version: 
  9.11.1

Platform: 
  darwin x64

npm manifest: 
  {
    "name": "loyalty-polymer-pwa",
    "version": "1.0.1",
    "description": "Test polymer",
    "main": "service-worker.js",
    "dependencies": {
      "grunt-vulcanize": "^1.0.0",
      "gulp-war": "^0.1.4",
      "gulp-zip": "^4.1.0",
      "redux": "^3.7.2",
      "reselect": "^3.0.1"
    },
    "devDependencies": {
      "eslint": "^4.0.0",
      "eslint-config-vaadin": "latest",
      "eslint-plugin-html": "^4.0.0",
      "gulp": "^3.9.1",
      "gulp-concat": "^2.6.1",
      "gulp-crisper": "^1.1.0",
      "gulp-gh-pages": "^0.5.4",
      "gulp-html-minifier": "^0.1.8",
      "gulp-if": "^2.0.2",
      "gulp-imagemin": "^4.1.0",
      "gulp-plumber": "^1.2.0",
      "gulp-polymer-build-utils": "^1.5.0",
      "gulp-uglify": "^3.0.0",
      "gulp-vulcanize": "^7.0.0",
      "merge-stream": "^1.0.1",
      "plumber": "^0.4.8",
      "polybuild": "^1.1.0",
      "run-sequence": "^2.2.1",
      "stylelint": "^8.0.0",
      "stylelint-config-vaadin": "latest"
    },
    "scripts": {
      "lint": "npm run lint:javascript & npm run lint:css & npm run lint:polymer",
      "lint:css": "stylelint src/*.html",
      "lint:javascript": "eslint . --ext html --ignore-path .gitignore",
      "lint:polymer": "polymer lint --rules polymer-2 --input src/*.html",
      "test": "polymer test",
      "test:integration": "polymer build # test that psk builds without error with the CLI"
    },
    "repository": {},
    "keywords": [
      "pwa",
      "vaadin",
      "polymer"
    ],
    "author": "dhshln / kartuku",
    "license": "Apache-2.0",
    "bugs": {},
    "homepage": "https://vaadin.com/"
  }

yarn manifest: 
  No manifest

Lockfile: 
  No lockfile

Trace: 
  Error: Invalid subcommand. Try "ls, list, dir, clean"
      at new MessageError (/usr/local/lib/node_modules/yarn/lib/cli.js:186:110)
      at Object.<anonymous> (/usr/local/lib/node_modules/yarn/lib/cli.js:30362:59)
      at Generator.next (<anonymous>)
      at step (/usr/local/lib/node_modules/yarn/lib/cli.js:98:30)
      at /usr/local/lib/node_modules/yarn/lib/cli.js:116:14
      at new Promise (<anonymous>)
      at new F (/usr/local/lib/node_modules/yarn/lib/cli.js:23451:28)
      at Object.<anonymous> (/usr/local/lib/node_modules/yarn/lib/cli.js:95:12)
      at Object.run (/usr/local/lib/node_modules/yarn/lib/cli.js:30366:19)
      at run (/usr/local/lib/node_modules/yarn/lib/cli.js:89113:20)
